<?xml version="1.0" encoding="UTF-8"?>
<testsuite name="com.notesmd.notes.config.ApiCorsIntegrationTest" tests="8" skipped="0" failures="0" errors="0" timestamp="2026-06-15T16:30:09.797Z" hostname="MicMacM4.local" time="0.566">
  <properties/>
  <testcase name="preflightActuatorHealthWithViteOrigin_reflectsFrontendDevServer()" classname="com.notesmd.notes.config.ApiCorsIntegrationTest" time="0.299"/>
  <testcase name="getActuatorHealthWithViteOriginIncludesAllowOrigin()" classname="com.notesmd.notes.config.ApiCorsIntegrationTest" time="0.025"/>
  <testcase name="loginPostWithViteOriginIncludesAllowOrigin()" classname="com.notesmd.notes.config.ApiCorsIntegrationTest" time="0.221"/>
  <testcase name="getNotesWithViteOriginIncludesAllowOrigin()" classname="com.notesmd.notes.config.ApiCorsIntegrationTest" time="0.006"/>
  <testcase name="preflightWithNullOrigin_reflectsElectronPackagedRenderer()" classname="com.notesmd.notes.config.ApiCorsIntegrationTest" time="0.004"/>
  <testcase name="preflightWithViteOrigin_reflectsFrontendDevServer()" classname="com.notesmd.notes.config.ApiCorsIntegrationTest" time="0.003"/>
  <testcase name="disallowedOriginDoesNotEchoAccessControlAllowOrigin()" classname="com.notesmd.notes.config.ApiCorsIntegrationTest" time="0.003"/>
  <testcase name="getNotesWithNullOriginIncludesAllowOrigin()" classname="com.notesmd.notes.config.ApiCorsIntegrationTest" time="0.003"/>
  <system-out><![CDATA[12:30:07.852 [Test worker] INFO org.springframework.test.context.support.AnnotationConfigContextLoaderUtils -- Could not detect default configuration classes for test class [com.notesmd.notes.config.ApiCorsIntegrationTest]: ApiCorsIntegrationTest does not declare any static, non-private, non-final, nested classes annotated with @Configuration.
12:30:07.892 [Test worker] INFO org.springframework.boot.test.context.SpringBootTestContextBootstrapper -- Found @SpringBootConfiguration com.notesmd.notes.NotesApplication for test class com.notesmd.notes.config.ApiCorsIntegrationTest

 ________   ________  _________  _______   ________  _____ ______   ________                           
|\   ___  \|\   __  \|\___   ___\\  ___ \ |\   ____\|\   _ \  _   \|\   ___ \                          
\ \  \\ \  \ \  \|\  \|___ \  \_\ \   __/|\ \  \___|\ \  \\\__\ \  \ \  \_|\ \        ____________     
 \ \  \\ \  \ \  \\\  \   \ \  \ \ \  \_|/_\ \_____  \ \  \\|__| \  \ \  \ \\ \      |\____________\   
  \ \  \\ \  \ \  \\\  \   \ \  \ \ \  \_|\ \|____|\  \ \  \    \ \  \ \  \_\\ \     \|____________|__ 
   \ \__\\ \__\ \_______\   \ \__\ \ \_______\____\_\  \ \__\    \ \__\ \_______\                 |\__\
    \|__| \|__|\|_______|    \|__|  \|_______|\_________\|__|     \|__|\|_______|                 \|__|
                                             \|_________|                                              
                                                                                                       
                                                                                                       


2026-06-15T12:30:08.024-04:00  INFO 46008 --- [    Test worker] c.n.notes.config.ApiCorsIntegrationTest  : Starting ApiCorsIntegrationTest using Java 17.0.19 with PID 46008 (started by michaelnapoli in /Users/michaelnapoli/Development/NotesMD/notes-app/backend)
2026-06-15T12:30:08.025-04:00  INFO 46008 --- [    Test worker] c.n.notes.config.ApiCorsIntegrationTest  : No active profile set, falling back to 1 default profile: "default"
2026-06-15T12:30:08.307-04:00  INFO 46008 --- [    Test worker] .s.d.r.c.RepositoryConfigurationDelegate : Bootstrapping Spring Data JPA repositories in DEFAULT mode.
2026-06-15T12:30:08.326-04:00  INFO 46008 --- [    Test worker] .s.d.r.c.RepositoryConfigurationDelegate : Finished Spring Data repository scanning in 15 ms. Found 2 JPA repository interfaces.
2026-06-15T12:30:08.569-04:00  INFO 46008 --- [    Test worker] o.s.b.w.embedded.tomcat.TomcatWebServer  : Tomcat initialized with port 0 (http)
2026-06-15T12:30:08.573-04:00  INFO 46008 --- [    Test worker] o.apache.catalina.core.StandardService   : Starting service [Tomcat]
2026-06-15T12:30:08.573-04:00  INFO 46008 --- [    Test worker] o.apache.catalina.core.StandardEngine    : Starting Servlet engine: [Apache Tomcat/10.1.34]
2026-06-15T12:30:08.601-04:00  INFO 46008 --- [    Test worker] o.a.c.c.C.[Tomcat].[localhost].[/]       : Initializing Spring embedded WebApplicationContext
2026-06-15T12:30:08.602-04:00  INFO 46008 --- [    Test worker] w.s.c.ServletWebServerApplicationContext : Root WebApplicationContext: initialization completed in 572 ms
2026-06-15T12:30:08.782-04:00  INFO 46008 --- [    Test worker] com.zaxxer.hikari.HikariDataSource       : HikariPool-1 - Starting...
2026-06-15T12:30:08.834-04:00  INFO 46008 --- [    Test worker] com.zaxxer.hikari.pool.HikariPool        : HikariPool-1 - Added connection conn0: url=jdbc:h2:mem:notes user=SA
2026-06-15T12:30:08.835-04:00  INFO 46008 --- [    Test worker] com.zaxxer.hikari.HikariDataSource       : HikariPool-1 - Start completed.
2026-06-15T12:30:08.850-04:00  INFO 46008 --- [    Test worker] org.flywaydb.core.FlywayExecutor         : Database: jdbc:h2:mem:notes (H2 2.3)
2026-06-15T12:30:08.852-04:00  WARN 46008 --- [    Test worker] o.f.c.internal.database.base.Database    : Flyway upgrade recommended: H2 2.3.232 is newer than this version of Flyway and support has not been tested. The latest supported version of H2 is 2.2.224.
2026-06-15T12:30:08.859-04:00  INFO 46008 --- [    Test worker] o.f.c.i.s.JdbcTableSchemaHistory         : Schema history table "PUBLIC"."flyway_schema_history" does not exist yet
2026-06-15T12:30:08.860-04:00  INFO 46008 --- [    Test worker] o.f.core.internal.command.DbValidate     : Successfully validated 4 migrations (execution time 00:00.004s)
2026-06-15T12:30:08.862-04:00  INFO 46008 --- [    Test worker] o.f.c.i.s.JdbcTableSchemaHistory         : Creating Schema History table "PUBLIC"."flyway_schema_history" ...
2026-06-15T12:30:08.875-04:00  INFO 46008 --- [    Test worker] o.f.core.internal.command.DbMigrate      : Current version of schema "PUBLIC": << Empty Schema >>
2026-06-15T12:30:08.877-04:00  INFO 46008 --- [    Test worker] o.f.core.internal.command.DbMigrate      : Migrating schema "PUBLIC" to version "1 - notes baseline"
2026-06-15T12:30:08.882-04:00  INFO 46008 --- [    Test worker] o.f.core.internal.command.DbMigrate      : Migrating schema "PUBLIC" to version "2 - users and legacy owner"
2026-06-15T12:30:08.886-04:00  INFO 46008 --- [    Test worker] o.f.core.internal.command.DbMigrate      : Migrating schema "PUBLIC" to version "3 - notes owner id"
2026-06-15T12:30:08.891-04:00  INFO 46008 --- [    Test worker] o.f.core.internal.command.DbMigrate      : Migrating schema "PUBLIC" to version "4 - notes archive"
2026-06-15T12:30:08.895-04:00  INFO 46008 --- [    Test worker] o.f.core.internal.command.DbMigrate      : Successfully applied 4 migrations to schema "PUBLIC", now at version v4 (execution time 00:00.007s)
2026-06-15T12:30:08.924-04:00  INFO 46008 --- [    Test worker] o.hibernate.jpa.internal.util.LogHelper  : HHH000204: Processing PersistenceUnitInfo [name: default]
2026-06-15T12:30:08.940-04:00  INFO 46008 --- [    Test worker] org.hibernate.Version                    : HHH000412: Hibernate ORM core version 6.6.4.Final
2026-06-15T12:30:08.950-04:00  INFO 46008 --- [    Test worker] o.h.c.internal.RegionFactoryInitiator    : HHH000026: Second-level cache disabled
2026-06-15T12:30:09.024-04:00  INFO 46008 --- [    Test worker] o.s.o.j.p.SpringPersistenceUnitInfo      : No LoadTimeWeaver setup: ignoring JPA class transformer
2026-06-15T12:30:09.038-04:00  WARN 46008 --- [    Test worker] org.hibernate.orm.deprecation            : HHH90000025: H2Dialect does not need to be specified explicitly using 'hibernate.dialect' (remove the property setting and it will be selected by default)
2026-06-15T12:30:09.043-04:00  INFO 46008 --- [    Test worker] org.hibernate.orm.connections.pooling    : HHH10001005: Database info:
	Database JDBC URL [Connecting through datasource 'HikariDataSource (HikariPool-1)']
	Database driver: undefined/unknown
	Database version: 2.3.232
	Autocommit mode: undefined/unknown
	Isolation level: undefined/unknown
	Minimum pool size: undefined/unknown
	Maximum pool size: undefined/unknown
2026-06-15T12:30:09.287-04:00  INFO 46008 --- [    Test worker] o.h.e.t.j.p.i.JtaPlatformInitiator       : HHH000489: No JTA platform available (set 'hibernate.transaction.jta.platform' to enable JTA platform integration)
2026-06-15T12:30:09.294-04:00  INFO 46008 --- [    Test worker] j.LocalContainerEntityManagerFactoryBean : Initialized JPA EntityManagerFactory for persistence unit 'default'
2026-06-15T12:30:09.442-04:00  WARN 46008 --- [    Test worker] JpaBaseConfiguration$JpaWebConfiguration : spring.jpa.open-in-view is enabled by default. Therefore, database queries may be performed during view rendering. Explicitly configure spring.jpa.open-in-view to disable this warning
2026-06-15T12:30:09.564-04:00  INFO 46008 --- [    Test worker] o.s.b.a.e.web.EndpointLinksResolver      : Exposing 1 endpoint beneath base path '/actuator'
2026-06-15T12:30:09.773-04:00  INFO 46008 --- [    Test worker] o.s.b.w.embedded.tomcat.TomcatWebServer  : Tomcat started on port 50819 (http) with context path '/'
2026-06-15T12:30:09.782-04:00  INFO 46008 --- [    Test worker] c.n.notes.config.ApiCorsIntegrationTest  : Started ApiCorsIntegrationTest in 1.849 seconds (process running for 2.23)
2026-06-15T12:30:10.059-04:00  INFO 46008 --- [o-auto-1-exec-1] o.a.c.c.C.[Tomcat].[localhost].[/]       : Initializing Spring DispatcherServlet 'dispatcherServlet'
2026-06-15T12:30:10.059-04:00  INFO 46008 --- [o-auto-1-exec-1] o.s.web.servlet.DispatcherServlet        : Initializing Servlet 'dispatcherServlet'
2026-06-15T12:30:10.060-04:00  INFO 46008 --- [o-auto-1-exec-1] o.s.web.servlet.DispatcherServlet        : Completed initialization in 1 ms
]]></system-out>
  <system-err><![CDATA[]]></system-err>
</testsuite>
