<?xml version="1.0" encoding="UTF-8"?>
<testsuite name="com.webclock.notes.config.ApiCorsIntegrationTest" tests="6" skipped="0" failures="0" errors="0" timestamp="2026-05-08T20:46:10.238Z" hostname="MicMacM4.local" time="0.153">
  <properties/>
  <testcase name="loginPostWithViteOriginIncludesAllowOrigin()" classname="com.webclock.notes.config.ApiCorsIntegrationTest" time="0.135"/>
  <testcase name="getNotesWithViteOriginIncludesAllowOrigin()" classname="com.webclock.notes.config.ApiCorsIntegrationTest" time="0.003"/>
  <testcase name="preflightWithNullOrigin_reflectsElectronPackagedRenderer()" classname="com.webclock.notes.config.ApiCorsIntegrationTest" time="0.004"/>
  <testcase name="preflightWithViteOrigin_reflectsFrontendDevServer()" classname="com.webclock.notes.config.ApiCorsIntegrationTest" time="0.002"/>
  <testcase name="disallowedOriginDoesNotEchoAccessControlAllowOrigin()" classname="com.webclock.notes.config.ApiCorsIntegrationTest" time="0.003"/>
  <testcase name="getNotesWithNullOriginIncludesAllowOrigin()" classname="com.webclock.notes.config.ApiCorsIntegrationTest" time="0.003"/>
  <system-out><![CDATA[2026-05-08T16:46:10.234-04:00  INFO 12046 --- [    Test worker] t.c.s.AnnotationConfigContextLoaderUtils : Could not detect default configuration classes for test class [com.webclock.notes.config.ApiCorsIntegrationTest]: ApiCorsIntegrationTest does not declare any static, non-private, non-final, nested classes annotated with @Configuration.
2026-05-08T16:46:10.237-04:00  INFO 12046 --- [    Test worker] .b.t.c.SpringBootTestContextBootstrapper : Found @SpringBootConfiguration com.webclock.notes.NotesApplication for test class com.webclock.notes.config.ApiCorsIntegrationTest
]]></system-out>
  <system-err><![CDATA[]]></system-err>
</testsuite>
