<?xml version="1.0" encoding="UTF-8"?>
<testsuite name="com.notesmd.notes.NotesApplicationTests" tests="13" skipped="0" failures="0" errors="0" timestamp="2026-06-10T18:44:49.697Z" hostname="MicMacM4.local" time="2.076">
  <properties/>
  <testcase name="crudRoundTrip()" classname="com.notesmd.notes.NotesApplicationTests" time="0.639"/>
  <testcase name="notesWithoutToken_returns401()" classname="com.notesmd.notes.NotesApplicationTests" time="0.006"/>
  <testcase name="deleteActiveNote_returns404()" classname="com.notesmd.notes.NotesApplicationTests" time="0.128"/>
  <testcase name="registerDuplicateUsername_returns409()" classname="com.notesmd.notes.NotesApplicationTests" time="0.063"/>
  <testcase name="listNotes_onlyReturnsNotesForCurrentUser()" classname="com.notesmd.notes.NotesApplicationTests" time="0.247"/>
  <testcase name="patchArchivedNote_returns404()" classname="com.notesmd.notes.NotesApplicationTests" time="0.134"/>
  <testcase name="archiveActiveNote_setsArchivedAtAndRemovesFromActiveList()" classname="com.notesmd.notes.NotesApplicationTests" time="0.131"/>
  <testcase name="loginWithBadPassword_returns401()" classname="com.notesmd.notes.NotesApplicationTests" time="0.116"/>
  <testcase name="healthIsUp()" classname="com.notesmd.notes.NotesApplicationTests" time="0.009"/>
  <testcase name="contextLoads()" classname="com.notesmd.notes.NotesApplicationTests" time="0.001"/>
  <testcase name="crossTenantArchive_returns404()" classname="com.notesmd.notes.NotesApplicationTests" time="0.237"/>
  <testcase name="crossTenantNoteAccess_returns404()" classname="com.notesmd.notes.NotesApplicationTests" time="0.244"/>
  <testcase name="notFound_returns404Payload()" classname="com.notesmd.notes.NotesApplicationTests" time="0.118"/>
  <system-out><![CDATA[14:44:47.401 [Test worker] INFO org.springframework.test.context.support.AnnotationConfigContextLoaderUtils -- Could not detect default configuration classes for test class [com.notesmd.notes.NotesApplicationTests]: NotesApplicationTests does not declare any static, non-private, non-final, nested classes annotated with @Configuration.
14:44:47.442 [Test worker] INFO org.springframework.boot.test.context.SpringBootTestContextBootstrapper -- Found @SpringBootConfiguration com.notesmd.notes.NotesApplication for test class com.notesmd.notes.NotesApplicationTests

 ________   ________  _________  _______   ________  _____ ______   ________                           
|\   ___  \|\   __  \|\___   ___\\  ___ \ |\   ____\|\   _ \  _   \|\   ___ \                          
\ \  \\ \  \ \  \|\  \|___ \  \_\ \   __/|\ \  \___|\ \  \\\__\ \  \ \  \_|\ \        ____________     
 \ \  \\ \  \ \  \\\  \   \ \  \ \ \  \_|/_\ \_____  \ \  \\|__| \  \ \  \ \\ \      |\____________\   
  \ \  \\ \  \ \  \\\  \   \ \  \ \ \  \_|\ \|____|\  \ \  \    \ \  \ \  \_\\ \     \|____________|__ 
   \ \__\\ \__\ \_______\   \ \__\ \ \_______\____\_\  \ \__\    \ \__\ \_______\                 |\__\
    \|__| \|__|\|_______|    \|__|  \|_______|\_________\|__|     \|__|\|_______|                 \|__|
                                             \|_________|                                              
                                                                                                       
                                                                                                       


2026-06-10T14:44:47.594-04:00  INFO 83952 --- [    Test worker] c.notesmd.notes.NotesApplicationTests    : Starting NotesApplicationTests using Java 17.0.19 with PID 83952 (started by michaelnapoli in /Users/michaelnapoli/Development/Abingdon_AIx_Demo_20260507/notes-app/backend)
2026-06-10T14:44:47.595-04:00  INFO 83952 --- [    Test worker] c.notesmd.notes.NotesApplicationTests    : No active profile set, falling back to 1 default profile: "default"
2026-06-10T14:44:47.927-04:00  INFO 83952 --- [    Test worker] .s.d.r.c.RepositoryConfigurationDelegate : Bootstrapping Spring Data JPA repositories in DEFAULT mode.
2026-06-10T14:44:47.948-04:00  INFO 83952 --- [    Test worker] .s.d.r.c.RepositoryConfigurationDelegate : Finished Spring Data repository scanning in 17 ms. Found 2 JPA repository interfaces.
2026-06-10T14:44:48.230-04:00  INFO 83952 --- [    Test worker] o.s.b.w.embedded.tomcat.TomcatWebServer  : Tomcat initialized with port 0 (http)
2026-06-10T14:44:48.236-04:00  INFO 83952 --- [    Test worker] o.apache.catalina.core.StandardService   : Starting service [Tomcat]
2026-06-10T14:44:48.236-04:00  INFO 83952 --- [    Test worker] o.apache.catalina.core.StandardEngine    : Starting Servlet engine: [Apache Tomcat/10.1.34]
2026-06-10T14:44:48.263-04:00  INFO 83952 --- [    Test worker] o.a.c.c.C.[Tomcat].[localhost].[/]       : Initializing Spring embedded WebApplicationContext
2026-06-10T14:44:48.264-04:00  INFO 83952 --- [    Test worker] w.s.c.ServletWebServerApplicationContext : Root WebApplicationContext: initialization completed in 661 ms
2026-06-10T14:44:48.470-04:00  INFO 83952 --- [    Test worker] com.zaxxer.hikari.HikariDataSource       : HikariPool-1 - Starting...
2026-06-10T14:44:48.538-04:00  INFO 83952 --- [    Test worker] com.zaxxer.hikari.pool.HikariPool        : HikariPool-1 - Added connection conn0: url=jdbc:h2:mem:notes user=SA
2026-06-10T14:44:48.539-04:00  INFO 83952 --- [    Test worker] com.zaxxer.hikari.HikariDataSource       : HikariPool-1 - Start completed.
2026-06-10T14:44:48.557-04:00  INFO 83952 --- [    Test worker] org.flywaydb.core.FlywayExecutor         : Database: jdbc:h2:mem:notes (H2 2.3)
2026-06-10T14:44:48.560-04:00  WARN 83952 --- [    Test worker] o.f.c.internal.database.base.Database    : Flyway upgrade recommended: H2 2.3.232 is newer than this version of Flyway and support has not been tested. The latest supported version of H2 is 2.2.224.
2026-06-10T14:44:48.569-04:00  INFO 83952 --- [    Test worker] o.f.c.i.s.JdbcTableSchemaHistory         : Schema history table "PUBLIC"."flyway_schema_history" does not exist yet
2026-06-10T14:44:48.570-04:00  INFO 83952 --- [    Test worker] o.f.core.internal.command.DbValidate     : Successfully validated 4 migrations (execution time 00:00.005s)
2026-06-10T14:44:48.572-04:00  INFO 83952 --- [    Test worker] o.f.c.i.s.JdbcTableSchemaHistory         : Creating Schema History table "PUBLIC"."flyway_schema_history" ...
2026-06-10T14:44:48.586-04:00  INFO 83952 --- [    Test worker] o.f.core.internal.command.DbMigrate      : Current version of schema "PUBLIC": << Empty Schema >>
2026-06-10T14:44:48.588-04:00  INFO 83952 --- [    Test worker] o.f.core.internal.command.DbMigrate      : Migrating schema "PUBLIC" to version "1 - notes baseline"
2026-06-10T14:44:48.594-04:00  INFO 83952 --- [    Test worker] o.f.core.internal.command.DbMigrate      : Migrating schema "PUBLIC" to version "2 - users and legacy owner"
2026-06-10T14:44:48.597-04:00  INFO 83952 --- [    Test worker] o.f.core.internal.command.DbMigrate      : Migrating schema "PUBLIC" to version "3 - notes owner id"
2026-06-10T14:44:48.604-04:00  INFO 83952 --- [    Test worker] o.f.core.internal.command.DbMigrate      : Migrating schema "PUBLIC" to version "4 - notes archive"
2026-06-10T14:44:48.610-04:00  INFO 83952 --- [    Test worker] o.f.core.internal.command.DbMigrate      : Successfully applied 4 migrations to schema "PUBLIC", now at version v4 (execution time 00:00.009s)
2026-06-10T14:44:48.654-04:00  INFO 83952 --- [    Test worker] o.hibernate.jpa.internal.util.LogHelper  : HHH000204: Processing PersistenceUnitInfo [name: default]
2026-06-10T14:44:48.683-04:00  INFO 83952 --- [    Test worker] org.hibernate.Version                    : HHH000412: Hibernate ORM core version 6.6.4.Final
2026-06-10T14:44:48.696-04:00  INFO 83952 --- [    Test worker] o.h.c.internal.RegionFactoryInitiator    : HHH000026: Second-level cache disabled
2026-06-10T14:44:48.800-04:00  INFO 83952 --- [    Test worker] o.s.o.j.p.SpringPersistenceUnitInfo      : No LoadTimeWeaver setup: ignoring JPA class transformer
2026-06-10T14:44:48.820-04:00  WARN 83952 --- [    Test worker] org.hibernate.orm.deprecation            : HHH90000025: H2Dialect does not need to be specified explicitly using 'hibernate.dialect' (remove the property setting and it will be selected by default)
2026-06-10T14:44:48.826-04:00  INFO 83952 --- [    Test worker] org.hibernate.orm.connections.pooling    : HHH10001005: Database info:
	Database JDBC URL [Connecting through datasource 'HikariDataSource (HikariPool-1)']
	Database driver: undefined/unknown
	Database version: 2.3.232
	Autocommit mode: undefined/unknown
	Isolation level: undefined/unknown
	Minimum pool size: undefined/unknown
	Maximum pool size: undefined/unknown
2026-06-10T14:44:49.108-04:00  INFO 83952 --- [    Test worker] o.h.e.t.j.p.i.JtaPlatformInitiator       : HHH000489: No JTA platform available (set 'hibernate.transaction.jta.platform' to enable JTA platform integration)
2026-06-10T14:44:49.114-04:00  INFO 83952 --- [    Test worker] j.LocalContainerEntityManagerFactoryBean : Initialized JPA EntityManagerFactory for persistence unit 'default'
2026-06-10T14:44:49.287-04:00  WARN 83952 --- [    Test worker] JpaBaseConfiguration$JpaWebConfiguration : spring.jpa.open-in-view is enabled by default. Therefore, database queries may be performed during view rendering. Explicitly configure spring.jpa.open-in-view to disable this warning
2026-06-10T14:44:49.416-04:00  INFO 83952 --- [    Test worker] o.s.b.a.e.web.EndpointLinksResolver      : Exposing 1 endpoint beneath base path '/actuator'
2026-06-10T14:44:49.666-04:00  INFO 83952 --- [    Test worker] o.s.b.w.embedded.tomcat.TomcatWebServer  : Tomcat started on port 59548 (http) with context path '/'
2026-06-10T14:44:49.675-04:00  INFO 83952 --- [    Test worker] c.notesmd.notes.NotesApplicationTests    : Started NotesApplicationTests in 2.186 seconds (process running for 2.56)
2026-06-10T14:44:49.974-04:00  INFO 83952 --- [o-auto-1-exec-1] o.a.c.c.C.[Tomcat].[localhost].[/]       : Initializing Spring DispatcherServlet 'dispatcherServlet'
2026-06-10T14:44:49.974-04:00  INFO 83952 --- [o-auto-1-exec-1] o.s.web.servlet.DispatcherServlet        : Initializing Servlet 'dispatcherServlet'
2026-06-10T14:44:49.975-04:00  INFO 83952 --- [o-auto-1-exec-1] o.s.web.servlet.DispatcherServlet        : Completed initialization in 1 ms
]]></system-out>
  <system-err><![CDATA[]]></system-err>
</testsuite>
