<?xml version="1.0" encoding="UTF-8"?>
<testsuite name="com.notesmd.notes.NotesApplicationTests" tests="9" skipped="0" failures="0" errors="0" timestamp="2026-05-09T16:36:28.708Z" hostname="MicMacM4.local" time="1.384">
  <properties/>
  <testcase name="crudRoundTrip()" classname="com.notesmd.notes.NotesApplicationTests" time="0.566"/>
  <testcase name="notesWithoutToken_returns401()" classname="com.notesmd.notes.NotesApplicationTests" time="0.008"/>
  <testcase name="registerDuplicateUsername_returns409()" classname="com.notesmd.notes.NotesApplicationTests" time="0.067"/>
  <testcase name="listNotes_onlyReturnsNotesForCurrentUser()" classname="com.notesmd.notes.NotesApplicationTests" time="0.254"/>
  <testcase name="loginWithBadPassword_returns401()" classname="com.notesmd.notes.NotesApplicationTests" time="0.115"/>
  <testcase name="healthIsUp()" classname="com.notesmd.notes.NotesApplicationTests" time="0.009"/>
  <testcase name="contextLoads()" classname="com.notesmd.notes.NotesApplicationTests" time="0.001"/>
  <testcase name="crossTenantNoteAccess_returns404()" classname="com.notesmd.notes.NotesApplicationTests" time="0.245"/>
  <testcase name="notFound_returns404Payload()" classname="com.notesmd.notes.NotesApplicationTests" time="0.118"/>
  <system-out><![CDATA[12:36:26.639 [Test worker] INFO org.springframework.test.context.support.AnnotationConfigContextLoaderUtils -- Could not detect default configuration classes for test class [com.notesmd.notes.NotesApplicationTests]: NotesApplicationTests does not declare any static, non-private, non-final, nested classes annotated with @Configuration.
12:36:26.672 [Test worker] INFO org.springframework.boot.test.context.SpringBootTestContextBootstrapper -- Found @SpringBootConfiguration com.notesmd.notes.NotesApplication for test class com.notesmd.notes.NotesApplicationTests

 ________   ________  _________  _______   ________  _____ ______   ________                           
|\   ___  \|\   __  \|\___   ___\\  ___ \ |\   ____\|\   _ \  _   \|\   ___ \                          
\ \  \\ \  \ \  \|\  \|___ \  \_\ \   __/|\ \  \___|\ \  \\\__\ \  \ \  \_|\ \        ____________     
 \ \  \\ \  \ \  \\\  \   \ \  \ \ \  \_|/_\ \_____  \ \  \\|__| \  \ \  \ \\ \      |\____________\   
  \ \  \\ \  \ \  \\\  \   \ \  \ \ \  \_|\ \|____|\  \ \  \    \ \  \ \  \_\\ \     \|____________|__ 
   \ \__\\ \__\ \_______\   \ \__\ \ \_______\____\_\  \ \__\    \ \__\ \_______\                 |\__\
    \|__| \|__|\|_______|    \|__|  \|_______|\_________\|__|     \|__|\|_______|                 \|__|
                                             \|_________|                                              
                                                                                                       
                                                                                                       


2026-05-09T12:36:26.804-04:00  INFO 96834 --- [    Test worker] c.notesmd.notes.NotesApplicationTests    : Starting NotesApplicationTests using Java 17.0.19 with PID 96834 (started by michaelnapoli in /Users/michaelnapoli/Development/Abingdon_AIx_Demo_20260507/notes-app/backend)
2026-05-09T12:36:26.804-04:00  INFO 96834 --- [    Test worker] c.notesmd.notes.NotesApplicationTests    : No active profile set, falling back to 1 default profile: "default"
2026-05-09T12:36:27.090-04:00  INFO 96834 --- [    Test worker] .s.d.r.c.RepositoryConfigurationDelegate : Bootstrapping Spring Data JPA repositories in DEFAULT mode.
2026-05-09T12:36:27.109-04:00  INFO 96834 --- [    Test worker] .s.d.r.c.RepositoryConfigurationDelegate : Finished Spring Data repository scanning in 15 ms. Found 2 JPA repository interfaces.
2026-05-09T12:36:27.369-04:00  INFO 96834 --- [    Test worker] o.s.b.w.embedded.tomcat.TomcatWebServer  : Tomcat initialized with port 0 (http)
2026-05-09T12:36:27.374-04:00  INFO 96834 --- [    Test worker] o.apache.catalina.core.StandardService   : Starting service [Tomcat]
2026-05-09T12:36:27.374-04:00  INFO 96834 --- [    Test worker] o.apache.catalina.core.StandardEngine    : Starting Servlet engine: [Apache Tomcat/10.1.34]
2026-05-09T12:36:27.401-04:00  INFO 96834 --- [    Test worker] o.a.c.c.C.[Tomcat].[localhost].[/]       : Initializing Spring embedded WebApplicationContext
2026-05-09T12:36:27.402-04:00  INFO 96834 --- [    Test worker] w.s.c.ServletWebServerApplicationContext : Root WebApplicationContext: initialization completed in 591 ms
2026-05-09T12:36:27.600-04:00  INFO 96834 --- [    Test worker] com.zaxxer.hikari.HikariDataSource       : HikariPool-1 - Starting...
2026-05-09T12:36:27.660-04:00  INFO 96834 --- [    Test worker] com.zaxxer.hikari.pool.HikariPool        : HikariPool-1 - Added connection conn0: url=jdbc:h2:mem:notes user=SA
2026-05-09T12:36:27.661-04:00  INFO 96834 --- [    Test worker] com.zaxxer.hikari.HikariDataSource       : HikariPool-1 - Start completed.
2026-05-09T12:36:27.678-04:00  INFO 96834 --- [    Test worker] org.flywaydb.core.FlywayExecutor         : Database: jdbc:h2:mem:notes (H2 2.3)
2026-05-09T12:36:27.680-04:00  WARN 96834 --- [    Test worker] o.f.c.internal.database.base.Database    : Flyway upgrade recommended: H2 2.3.232 is newer than this version of Flyway and support has not been tested. The latest supported version of H2 is 2.2.224.
2026-05-09T12:36:27.689-04:00  INFO 96834 --- [    Test worker] o.f.c.i.s.JdbcTableSchemaHistory         : Schema history table "PUBLIC"."flyway_schema_history" does not exist yet
2026-05-09T12:36:27.690-04:00  INFO 96834 --- [    Test worker] o.f.core.internal.command.DbValidate     : Successfully validated 3 migrations (execution time 00:00.005s)
2026-05-09T12:36:27.693-04:00  INFO 96834 --- [    Test worker] o.f.c.i.s.JdbcTableSchemaHistory         : Creating Schema History table "PUBLIC"."flyway_schema_history" ...
2026-05-09T12:36:27.707-04:00  INFO 96834 --- [    Test worker] o.f.core.internal.command.DbMigrate      : Current version of schema "PUBLIC": << Empty Schema >>
2026-05-09T12:36:27.709-04:00  INFO 96834 --- [    Test worker] o.f.core.internal.command.DbMigrate      : Migrating schema "PUBLIC" to version "1 - notes baseline"
2026-05-09T12:36:27.716-04:00  INFO 96834 --- [    Test worker] o.f.core.internal.command.DbMigrate      : Migrating schema "PUBLIC" to version "2 - users and legacy owner"
2026-05-09T12:36:27.719-04:00  INFO 96834 --- [    Test worker] o.f.core.internal.command.DbMigrate      : Migrating schema "PUBLIC" to version "3 - notes owner id"
2026-05-09T12:36:27.727-04:00  INFO 96834 --- [    Test worker] o.f.core.internal.command.DbMigrate      : Successfully applied 3 migrations to schema "PUBLIC", now at version v3 (execution time 00:00.007s)
2026-05-09T12:36:27.767-04:00  INFO 96834 --- [    Test worker] o.hibernate.jpa.internal.util.LogHelper  : HHH000204: Processing PersistenceUnitInfo [name: default]
2026-05-09T12:36:27.787-04:00  INFO 96834 --- [    Test worker] org.hibernate.Version                    : HHH000412: Hibernate ORM core version 6.6.4.Final
2026-05-09T12:36:27.797-04:00  INFO 96834 --- [    Test worker] o.h.c.internal.RegionFactoryInitiator    : HHH000026: Second-level cache disabled
2026-05-09T12:36:27.886-04:00  INFO 96834 --- [    Test worker] o.s.o.j.p.SpringPersistenceUnitInfo      : No LoadTimeWeaver setup: ignoring JPA class transformer
2026-05-09T12:36:27.902-04:00  WARN 96834 --- [    Test worker] org.hibernate.orm.deprecation            : HHH90000025: H2Dialect does not need to be specified explicitly using 'hibernate.dialect' (remove the property setting and it will be selected by default)
2026-05-09T12:36:27.908-04:00  INFO 96834 --- [    Test worker] org.hibernate.orm.connections.pooling    : HHH10001005: Database info:
	Database JDBC URL [Connecting through datasource 'HikariDataSource (HikariPool-1)']
	Database driver: undefined/unknown
	Database version: 2.3.232
	Autocommit mode: undefined/unknown
	Isolation level: undefined/unknown
	Minimum pool size: undefined/unknown
	Maximum pool size: undefined/unknown
2026-05-09T12:36:28.166-04:00  INFO 96834 --- [    Test worker] o.h.e.t.j.p.i.JtaPlatformInitiator       : HHH000489: No JTA platform available (set 'hibernate.transaction.jta.platform' to enable JTA platform integration)
2026-05-09T12:36:28.172-04:00  INFO 96834 --- [    Test worker] j.LocalContainerEntityManagerFactoryBean : Initialized JPA EntityManagerFactory for persistence unit 'default'
2026-05-09T12:36:28.333-04:00  WARN 96834 --- [    Test worker] JpaBaseConfiguration$JpaWebConfiguration : spring.jpa.open-in-view is enabled by default. Therefore, database queries may be performed during view rendering. Explicitly configure spring.jpa.open-in-view to disable this warning
2026-05-09T12:36:28.461-04:00  INFO 96834 --- [    Test worker] o.s.b.a.e.web.EndpointLinksResolver      : Exposing 1 endpoint beneath base path '/actuator'
2026-05-09T12:36:28.678-04:00  INFO 96834 --- [    Test worker] o.s.b.w.embedded.tomcat.TomcatWebServer  : Tomcat started on port 54548 (http) with context path '/'
2026-05-09T12:36:28.687-04:00  INFO 96834 --- [    Test worker] c.notesmd.notes.NotesApplicationTests    : Started NotesApplicationTests in 1.975 seconds (process running for 2.299)
2026-05-09T12:36:28.984-04:00  INFO 96834 --- [o-auto-1-exec-1] o.a.c.c.C.[Tomcat].[localhost].[/]       : Initializing Spring DispatcherServlet 'dispatcherServlet'
2026-05-09T12:36:28.985-04:00  INFO 96834 --- [o-auto-1-exec-1] o.s.web.servlet.DispatcherServlet        : Initializing Servlet 'dispatcherServlet'
2026-05-09T12:36:28.985-04:00  INFO 96834 --- [o-auto-1-exec-1] o.s.web.servlet.DispatcherServlet        : Completed initialization in 0 ms
]]></system-out>
  <system-err><![CDATA[]]></system-err>
</testsuite>
